# JRE version: OpenJDK Runtime Environment (21.0.10) (build 21.0.10+-14961533-b1163.108)
# Java VM: OpenJDK 64-Bit Server VM (21.0.10+-14961533-b1163.108, mixed mode, tiered, compressed oops, compressed class ptrs, g1 gc, windows-amd64)
GC Precious Log:
 CardTable entry size: 512
 Card Set container configuration: InlinePtr #cards 4 size 8 Array Of Cards #cards 16 size 48 Howl #buckets 8 coarsen threshold 3686 Howl Bitmap #cards 512 size 80 coarsen threshold 460 Card regions per heap region 1 cards per card region 4096
 CPUs: 12 total, 12 available
 Memory: 15182M
 Large Page Support: Disabled
 NUMA Support: Disabled
 Compressed Oops: Enabled (Zero based)
 Heap Region Size: 2M
 Heap Min Capacity: 8M
 Heap Initial Capacity: 238M
 Heap Max Capacity: 3796M
 Pre-touch: Disabled
 Parallel Workers: 10
 Concurrent Workers: 3
 Concurrent Refinement Workers: 10
 Periodic GC: Disabled
Heap:
 garbage-first heap   total 464896K, used 315317K [0x0000000712c00000, 0x0000000800000000)
  region size 2048K, 19 young (38912K), 9 survivors (18432K)
 Metaspace       used 99748K, committed 100160K, reserved 1179648K
  class space    used 10179K, committed 10368K, reserved 1048576K
GC Heap History (20 events):
Event: 20.684 GC heap before
{Heap before GC invocations=30 (full 0):
 garbage-first heap   total 321536K, used 291949K [0x0000000712c00000, 0x0000000800000000)
  region size 2048K, 52 young (106496K), 7 survivors (14336K)
 Metaspace       used 71398K, committed 71744K, reserved 1114112K
  class space    used 7772K, committed 7936K, reserved 1048576K
}
Event: 20.698 GC heap after
{Heap after GC invocations=31 (full 0):
 garbage-first heap   total 321536K, used 208843K [0x0000000712c00000, 0x0000000800000000)
  region size 2048K, 5 young (10240K), 5 survivors (10240K)
 Metaspace       used 71398K, committed 71744K, reserved 1114112K
  class space    used 7772K, committed 7936K, reserved 1048576K
}
Event: 23.960 GC heap before
{Heap before GC invocations=32 (full 0):
 garbage-first heap   total 352256K, used 292811K [0x0000000712c00000, 0x0000000800000000)
  region size 2048K, 46 young (94208K), 5 survivors (10240K)
 Metaspace       used 77830K, committed 78272K, reserved 1179648K
  class space    used 8317K, committed 8512K, reserved 1048576K
}
Event: 23.975 GC heap after
{Heap after GC invocations=33 (full 0):
 garbage-first heap   total 352256K, used 221468K [0x0000000712c00000, 0x0000000800000000)
  region size 2048K, 6 young (12288K), 6 survivors (12288K)
 Metaspace       used 77830K, committed 78272K, reserved 1179648K
  class space    used 8317K, committed 8512K, reserved 1048576K
}
Event: 25.641 GC heap before
{Heap before GC invocations=33 (full 0):
 garbage-first heap   total 352256K, used 315676K [0x0000000712c00000, 0x0000000800000000)
  region size 2048K, 52 young (106496K), 6 survivors (12288K)
 Metaspace       used 82549K, committed 82944K, reserved 1179648K
  class space    used 8734K, committed 8896K, reserved 1048576K
}
Event: 25.661 GC heap after
{Heap after GC invocations=34 (full 0):
 garbage-first heap   total 352256K, used 233914K [0x0000000712c00000, 0x0000000800000000)
  region size 2048K, 7 young (14336K), 7 survivors (14336K)
 Metaspace       used 82549K, committed 82944K, reserved 1179648K
  class space    used 8734K, committed 8896K, reserved 1048576K
}
Event: 26.765 GC heap before
{Heap before GC invocations=34 (full 0):
 garbage-first heap   total 352256K, used 317882K [0x0000000712c00000, 0x0000000800000000)
  region size 2048K, 48 young (98304K), 7 survivors (14336K)
 Metaspace       used 83413K, committed 83776K, reserved 1179648K
  class space    used 8785K, committed 8960K, reserved 1048576K
}
Event: 26.787 GC heap after
{Heap after GC invocations=35 (full 0):
 garbage-first heap   total 352256K, used 252246K [0x0000000712c00000, 0x0000000800000000)
  region size 2048K, 6 young (12288K), 6 survivors (12288K)
 Metaspace       used 83413K, committed 83776K, reserved 1179648K
  class space    used 8785K, committed 8960K, reserved 1048576K
}
Event: 27.824 GC heap before
{Heap before GC invocations=36 (full 0):
 garbage-first heap   total 423936K, used 319830K [0x0000000712c00000, 0x0000000800000000)
  region size 2048K, 39 young (79872K), 6 survivors (12288K)
 Metaspace       used 84728K, committed 85120K, reserved 1179648K
  class space    used 8904K, committed 9088K, reserved 1048576K
}
Event: 27.837 GC heap after
{Heap after GC invocations=37 (full 0):
 garbage-first heap   total 423936K, used 261195K [0x0000000712c00000, 0x0000000800000000)
  region size 2048K, 4 young (8192K), 4 survivors (8192K)
 Metaspace       used 84728K, committed 85120K, reserved 1179648K
  class space    used 8904K, committed 9088K, reserved 1048576K
}
Event: 30.028 GC heap before
{Heap before GC invocations=37 (full 0):
 garbage-first heap   total 423936K, used 377931K [0x0000000712c00000, 0x0000000800000000)
  region size 2048K, 61 young (124928K), 4 survivors (8192K)
 Metaspace       used 91827K, committed 92224K, reserved 1179648K
  class space    used 9596K, committed 9792K, reserved 1048576K
}
Event: 30.039 GC heap after
{Heap after GC invocations=38 (full 0):
 garbage-first heap   total 423936K, used 267791K [0x0000000712c00000, 0x0000000800000000)
  region size 2048K, 8 young (16384K), 8 survivors (16384K)
 Metaspace       used 91827K, committed 92224K, reserved 1179648K
  class space    used 9596K, committed 9792K, reserved 1048576K
}
Event: 31.964 GC heap before
{Heap before GC invocations=38 (full 0):
 garbage-first heap   total 423936K, used 380431K [0x0000000712c00000, 0x0000000800000000)
  region size 2048K, 63 young (129024K), 8 survivors (16384K)
 Metaspace       used 97664K, committed 98112K, reserved 1179648K
  class space    used 10100K, committed 10304K, reserved 1048576K
}
Event: 31.977 GC heap after
{Heap after GC invocations=39 (full 0):
 garbage-first heap   total 423936K, used 276998K [0x0000000712c00000, 0x0000000800000000)
  region size 2048K, 5 young (10240K), 5 survivors (10240K)
 Metaspace       used 97664K, committed 98112K, reserved 1179648K
  class space    used 10100K, committed 10304K, reserved 1048576K
}
Event: 33.344 GC heap before
{Heap before GC invocations=40 (full 0):
 garbage-first heap   total 464896K, used 387590K [0x0000000712c00000, 0x0000000800000000)
  region size 2048K, 59 young (120832K), 5 survivors (10240K)
 Metaspace       used 98864K, committed 99328K, reserved 1179648K
  class space    used 10123K, committed 10368K, reserved 1048576K
}
Event: 33.352 GC heap after
{Heap after GC invocations=41 (full 0):
 garbage-first heap   total 464896K, used 283837K [0x0000000712c00000, 0x0000000800000000)
  region size 2048K, 4 young (8192K), 4 survivors (8192K)
 Metaspace       used 98864K, committed 99328K, reserved 1179648K
  class space    used 10123K, committed 10368K, reserved 1048576K
}
Event: 34.126 GC heap before
{Heap before GC invocations=41 (full 0):
 garbage-first heap   total 464896K, used 425149K [0x0000000712c00000, 0x0000000800000000)
  region size 2048K, 73 young (149504K), 4 survivors (8192K)
 Metaspace       used 99552K, committed 99968K, reserved 1179648K
  class space    used 10170K, committed 10368K, reserved 1048576K
}
Event: 34.134 GC heap after
{Heap after GC invocations=42 (full 0):
 garbage-first heap   total 464896K, used 287669K [0x0000000712c00000, 0x0000000800000000)
  region size 2048K, 8 young (16384K), 8 survivors (16384K)
 Metaspace       used 99552K, committed 99968K, reserved 1179648K
  class space    used 10170K, committed 10368K, reserved 1048576K
}
Event: 34.823 GC heap before
{Heap before GC invocations=42 (full 0):
 garbage-first heap   total 464896K, used 422837K [0x0000000712c00000, 0x0000000800000000)
  region size 2048K, 74 young (151552K), 8 survivors (16384K)
 Metaspace       used 99689K, committed 100096K, reserved 1179648K
  class space    used 10174K, committed 10368K, reserved 1048576K
}
Event: 34.835 GC heap after
{Heap after GC invocations=43 (full 0):
 garbage-first heap   total 464896K, used 296885K [0x0000000712c00000, 0x0000000800000000)
  region size 2048K, 9 young (18432K), 9 survivors (18432K)
 Metaspace       used 99689K, committed 100096K, reserved 1179648K
  class space    used 10174K, committed 10368K, reserved 1048576K
}

