# JRE version: OpenJDK Runtime Environment (21.0.10) (build 21.0.10+-14961533-b1163.108)
# Java VM: OpenJDK 64-Bit Server VM (21.0.10+-14961533-b1163.108, mixed mode, tiered, compressed oops, compressed class ptrs, g1 gc, windows-amd64)
GC Precious Log:
 CardTable entry size: 512
 Card Set container configuration: InlinePtr #cards 5 size 8 Array Of Cards #cards 12 size 40 Howl #buckets 4 coarsen threshold 1843 Howl Bitmap #cards 512 size 80 coarsen threshold 460 Card regions per heap region 1 cards per card region 2048
 CPUs: 12 total, 12 available
 Memory: 15182M
 Large Page Support: Disabled
 NUMA Support: Disabled
 Compressed Oops: Enabled (32-bit)
 Heap Region Size: 1M
 Heap Min Capacity: 8M
 Heap Initial Capacity: 238M
 Heap Max Capacity: 2G
 Pre-touch: Disabled
 Parallel Workers: 10
 Concurrent Workers: 3
 Concurrent Refinement Workers: 10
 Periodic GC: Disabled
Heap:
 garbage-first heap   total 393216K, used 134583K [0x0000000080000000, 0x0000000100000000)
  region size 1024K, 17 young (17408K), 17 survivors (17408K)
 Metaspace       used 118178K, committed 120576K, reserved 1179648K
  class space    used 16822K, committed 17984K, reserved 1048576K
GC Heap History (20 events):
Event: 26.641 GC heap after
{Heap after GC invocations=61 (full 0):
 garbage-first heap   total 393216K, used 123080K [0x0000000080000000, 0x0000000100000000)
  region size 1024K, 9 young (9216K), 9 survivors (9216K)
 Metaspace       used 113805K, committed 116160K, reserved 1179648K
  class space    used 16253K, committed 17408K, reserved 1048576K
}
Event: 26.959 GC heap before
{Heap before GC invocations=61 (full 0):
 garbage-first heap   total 393216K, used 348360K [0x0000000080000000, 0x0000000100000000)
  region size 1024K, 230 young (235520K), 9 survivors (9216K)
 Metaspace       used 113886K, committed 116224K, reserved 1179648K
  class space    used 16253K, committed 17408K, reserved 1048576K
}
Event: 26.967 GC heap after
{Heap after GC invocations=62 (full 0):
 garbage-first heap   total 393216K, used 124386K [0x0000000080000000, 0x0000000100000000)
  region size 1024K, 11 young (11264K), 11 survivors (11264K)
 Metaspace       used 113886K, committed 116224K, reserved 1179648K
  class space    used 16253K, committed 17408K, reserved 1048576K
}
Event: 27.252 GC heap before
{Heap before GC invocations=62 (full 0):
 garbage-first heap   total 393216K, used 348642K [0x0000000080000000, 0x0000000100000000)
  region size 1024K, 230 young (235520K), 11 survivors (11264K)
 Metaspace       used 114111K, committed 116416K, reserved 1179648K
  class space    used 16292K, committed 17408K, reserved 1048576K
}
Event: 27.258 GC heap after
{Heap after GC invocations=63 (full 0):
 garbage-first heap   total 393216K, used 125646K [0x0000000080000000, 0x0000000100000000)
  region size 1024K, 12 young (12288K), 12 survivors (12288K)
 Metaspace       used 114111K, committed 116416K, reserved 1179648K
  class space    used 16292K, committed 17408K, reserved 1048576K
}
Event: 27.483 GC heap before
{Heap before GC invocations=64 (full 0):
 garbage-first heap   total 393216K, used 347854K [0x0000000080000000, 0x0000000100000000)
  region size 1024K, 230 young (235520K), 12 survivors (12288K)
 Metaspace       used 114171K, committed 116608K, reserved 1179648K
  class space    used 16298K, committed 17472K, reserved 1048576K
}
Event: 27.491 GC heap after
{Heap after GC invocations=65 (full 0):
 garbage-first heap   total 393216K, used 127101K [0x0000000080000000, 0x0000000100000000)
  region size 1024K, 14 young (14336K), 14 survivors (14336K)
 Metaspace       used 114171K, committed 116608K, reserved 1179648K
  class space    used 16298K, committed 17472K, reserved 1048576K
}
Event: 28.322 GC heap before
{Heap before GC invocations=65 (full 0):
 garbage-first heap   total 393216K, used 347261K [0x0000000080000000, 0x0000000100000000)
  region size 1024K, 230 young (235520K), 14 survivors (14336K)
 Metaspace       used 117269K, committed 119616K, reserved 1179648K
  class space    used 16689K, committed 17856K, reserved 1048576K
}
Event: 28.332 GC heap after
{Heap after GC invocations=66 (full 0):
 garbage-first heap   total 393216K, used 130850K [0x0000000080000000, 0x0000000100000000)
  region size 1024K, 18 young (18432K), 18 survivors (18432K)
 Metaspace       used 117269K, committed 119616K, reserved 1179648K
  class space    used 16689K, committed 17856K, reserved 1048576K
}
Event: 28.473 GC heap before
{Heap before GC invocations=66 (full 0):
 garbage-first heap   total 393216K, used 346914K [0x0000000080000000, 0x0000000100000000)
  region size 1024K, 230 young (235520K), 18 survivors (18432K)
 Metaspace       used 117960K, committed 120320K, reserved 1179648K
  class space    used 16790K, committed 17920K, reserved 1048576K
}
Event: 28.483 GC heap after
{Heap after GC invocations=67 (full 0):
 garbage-first heap   total 393216K, used 131008K [0x0000000080000000, 0x0000000100000000)
  region size 1024K, 16 young (16384K), 16 survivors (16384K)
 Metaspace       used 117960K, committed 120320K, reserved 1179648K
  class space    used 16790K, committed 17920K, reserved 1048576K
}
Event: 28.687 GC heap before
{Heap before GC invocations=68 (full 0):
 garbage-first heap   total 393216K, used 350144K [0x0000000080000000, 0x0000000100000000)
  region size 1024K, 230 young (235520K), 16 survivors (16384K)
 Metaspace       used 118110K, committed 120512K, reserved 1179648K
  class space    used 16819K, committed 17984K, reserved 1048576K
}
Event: 28.695 GC heap after
{Heap after GC invocations=69 (full 0):
 garbage-first heap   total 393216K, used 132878K [0x0000000080000000, 0x0000000100000000)
  region size 1024K, 17 young (17408K), 17 survivors (17408K)
 Metaspace       used 118110K, committed 120512K, reserved 1179648K
  class space    used 16819K, committed 17984K, reserved 1048576K
}
Event: 28.899 GC heap before
{Heap before GC invocations=69 (full 0):
 garbage-first heap   total 393216K, used 350990K [0x0000000080000000, 0x0000000100000000)
  region size 1024K, 230 young (235520K), 17 survivors (17408K)
 Metaspace       used 118146K, committed 120512K, reserved 1179648K
  class space    used 16822K, committed 17984K, reserved 1048576K
}
Event: 28.910 GC heap after
{Heap after GC invocations=70 (full 0):
 garbage-first heap   total 393216K, used 132964K [0x0000000080000000, 0x0000000100000000)
  region size 1024K, 17 young (17408K), 17 survivors (17408K)
 Metaspace       used 118146K, committed 120512K, reserved 1179648K
  class space    used 16822K, committed 17984K, reserved 1048576K
}
Event: 29.048 GC heap before
{Heap before GC invocations=70 (full 0):
 garbage-first heap   total 393216K, used 351076K [0x0000000080000000, 0x0000000100000000)
  region size 1024K, 230 young (235520K), 17 survivors (17408K)
 Metaspace       used 118146K, committed 120512K, reserved 1179648K
  class space    used 16822K, committed 17984K, reserved 1048576K
}
Event: 29.057 GC heap after
{Heap after GC invocations=71 (full 0):
 garbage-first heap   total 393216K, used 133818K [0x0000000080000000, 0x0000000100000000)
  region size 1024K, 16 young (16384K), 16 survivors (16384K)
 Metaspace       used 118146K, committed 120512K, reserved 1179648K
  class space    used 16822K, committed 17984K, reserved 1048576K
}
Event: 29.234 GC heap before
{Heap before GC invocations=72 (full 0):
 garbage-first heap   total 393216K, used 352954K [0x0000000080000000, 0x0000000100000000)
  region size 1024K, 230 young (235520K), 16 survivors (16384K)
 Metaspace       used 118146K, committed 120512K, reserved 1179648K
  class space    used 16822K, committed 17984K, reserved 1048576K
}
Event: 29.243 GC heap after
{Heap after GC invocations=73 (full 0):
 garbage-first heap   total 393216K, used 134330K [0x0000000080000000, 0x0000000100000000)
  region size 1024K, 17 young (17408K), 17 survivors (17408K)
 Metaspace       used 118146K, committed 120512K, reserved 1179648K
  class space    used 16822K, committed 17984K, reserved 1048576K
}
Event: 29.423 GC heap before
{Heap before GC invocations=73 (full 0):
 garbage-first heap   total 393216K, used 351418K [0x0000000080000000, 0x0000000100000000)
  region size 1024K, 230 young (235520K), 17 survivors (17408K)
 Metaspace       used 118178K, committed 120576K, reserved 1179648K
  class space    used 16822K, committed 17984K, reserved 1048576K
}

