# JRE version: OpenJDK Runtime Environment (21.0.10) (build 21.0.10+-14961533-b1163.108)
# Java VM: OpenJDK 64-Bit Server VM (21.0.10+-14961533-b1163.108, mixed mode, tiered, compressed oops, compressed class ptrs, g1 gc, windows-amd64)
GC Precious Log:
 CardTable entry size: 512
 Card Set container configuration: InlinePtr #cards 5 size 8 Array Of Cards #cards 12 size 40 Howl #buckets 4 coarsen threshold 1843 Howl Bitmap #cards 512 size 80 coarsen threshold 460 Card regions per heap region 1 cards per card region 2048
 CPUs: 12 total, 12 available
 Memory: 15182M
 Large Page Support: Disabled
 NUMA Support: Disabled
 Compressed Oops: Enabled (32-bit)
 Heap Region Size: 1M
 Heap Min Capacity: 8M
 Heap Initial Capacity: 238M
 Heap Max Capacity: 2G
 Pre-touch: Disabled
 Parallel Workers: 10
 Concurrent Workers: 3
 Concurrent Refinement Workers: 10
 Periodic GC: Disabled
Heap:
 garbage-first heap   total 265216K, used 129567K [0x0000000080000000, 0x0000000100000000)
  region size 1024K, 8 young (8192K), 8 survivors (8192K)
 Metaspace       used 118473K, committed 120896K, reserved 1179648K
  class space    used 16890K, committed 18048K, reserved 1048576K
GC Heap History (20 events):
Event: 45.777 GC heap after
{Heap after GC invocations=54 (full 0):
 garbage-first heap   total 199680K, used 119689K [0x0000000080000000, 0x0000000100000000)
  region size 1024K, 6 young (6144K), 6 survivors (6144K)
 Metaspace       used 113847K, committed 116224K, reserved 1179648K
  class space    used 16267K, committed 17408K, reserved 1048576K
}
Event: 46.149 GC heap before
{Heap before GC invocations=54 (full 0):
 garbage-first heap   total 199680K, used 187273K [0x0000000080000000, 0x0000000100000000)
  region size 1024K, 72 young (73728K), 6 survivors (6144K)
 Metaspace       used 113909K, committed 116288K, reserved 1179648K
  class space    used 16272K, committed 17408K, reserved 1048576K
}
Event: 46.155 GC heap after
{Heap after GC invocations=55 (full 0):
 garbage-first heap   total 265216K, used 119576K [0x0000000080000000, 0x0000000100000000)
  region size 1024K, 6 young (6144K), 6 survivors (6144K)
 Metaspace       used 113909K, committed 116288K, reserved 1179648K
  class space    used 16272K, committed 17408K, reserved 1048576K
}
Event: 47.015 GC heap before
{Heap before GC invocations=55 (full 0):
 garbage-first heap   total 265216K, used 244504K [0x0000000080000000, 0x0000000100000000)
  region size 1024K, 129 young (132096K), 6 survivors (6144K)
 Metaspace       used 116218K, committed 118656K, reserved 1179648K
  class space    used 16573K, committed 17728K, reserved 1048576K
}
Event: 47.022 GC heap after
{Heap after GC invocations=56 (full 0):
 garbage-first heap   total 265216K, used 122461K [0x0000000080000000, 0x0000000100000000)
  region size 1024K, 8 young (8192K), 8 survivors (8192K)
 Metaspace       used 116218K, committed 118656K, reserved 1179648K
  class space    used 16573K, committed 17728K, reserved 1048576K
}
Event: 47.354 GC heap before
{Heap before GC invocations=56 (full 0):
 garbage-first heap   total 265216K, used 246365K [0x0000000080000000, 0x0000000100000000)
  region size 1024K, 130 young (133120K), 8 survivors (8192K)
 Metaspace       used 117246K, committed 119680K, reserved 1179648K
  class space    used 16697K, committed 17856K, reserved 1048576K
}
Event: 47.360 GC heap after
{Heap after GC invocations=57 (full 0):
 garbage-first heap   total 265216K, used 124509K [0x0000000080000000, 0x0000000100000000)
  region size 1024K, 10 young (10240K), 10 survivors (10240K)
 Metaspace       used 117246K, committed 119680K, reserved 1179648K
  class space    used 16697K, committed 17856K, reserved 1048576K
}
Event: 47.533 GC heap before
{Heap before GC invocations=57 (full 0):
 garbage-first heap   total 265216K, used 248413K [0x0000000080000000, 0x0000000100000000)
  region size 1024K, 132 young (135168K), 10 survivors (10240K)
 Metaspace       used 118061K, committed 120576K, reserved 1179648K
  class space    used 16817K, committed 18048K, reserved 1048576K
}
Event: 47.540 GC heap after
{Heap after GC invocations=58 (full 0):
 garbage-first heap   total 265216K, used 125547K [0x0000000080000000, 0x0000000100000000)
  region size 1024K, 11 young (11264K), 11 survivors (11264K)
 Metaspace       used 118061K, committed 120576K, reserved 1179648K
  class space    used 16817K, committed 18048K, reserved 1048576K
}
Event: 47.744 GC heap before
{Heap before GC invocations=59 (full 0):
 garbage-first heap   total 265216K, used 248427K [0x0000000080000000, 0x0000000100000000)
  region size 1024K, 132 young (135168K), 11 survivors (11264K)
 Metaspace       used 118362K, committed 120832K, reserved 1179648K
  class space    used 16873K, committed 18048K, reserved 1048576K
}
Event: 47.751 GC heap after
{Heap after GC invocations=60 (full 0):
 garbage-first heap   total 265216K, used 126235K [0x0000000080000000, 0x0000000100000000)
  region size 1024K, 10 young (10240K), 10 survivors (10240K)
 Metaspace       used 118362K, committed 120832K, reserved 1179648K
  class space    used 16873K, committed 18048K, reserved 1048576K
}
Event: 47.885 GC heap before
{Heap before GC invocations=60 (full 0):
 garbage-first heap   total 265216K, used 248091K [0x0000000080000000, 0x0000000100000000)
  region size 1024K, 130 young (133120K), 10 survivors (10240K)
 Metaspace       used 118443K, committed 120896K, reserved 1179648K
  class space    used 16887K, committed 18048K, reserved 1048576K
}
Event: 47.892 GC heap after
{Heap after GC invocations=61 (full 0):
 garbage-first heap   total 265216K, used 126669K [0x0000000080000000, 0x0000000100000000)
  region size 1024K, 10 young (10240K), 10 survivors (10240K)
 Metaspace       used 118443K, committed 120896K, reserved 1179648K
  class space    used 16887K, committed 18048K, reserved 1048576K
}
Event: 48.031 GC heap before
{Heap before GC invocations=61 (full 0):
 garbage-first heap   total 265216K, used 249549K [0x0000000080000000, 0x0000000100000000)
  region size 1024K, 131 young (134144K), 10 survivors (10240K)
 Metaspace       used 118473K, committed 120896K, reserved 1179648K
  class space    used 16890K, committed 18048K, reserved 1048576K
}
Event: 48.039 GC heap after
{Heap after GC invocations=62 (full 0):
 garbage-first heap   total 265216K, used 127759K [0x0000000080000000, 0x0000000100000000)
  region size 1024K, 10 young (10240K), 10 survivors (10240K)
 Metaspace       used 118473K, committed 120896K, reserved 1179648K
  class space    used 16890K, committed 18048K, reserved 1048576K
}
Event: 48.209 GC heap before
{Heap before GC invocations=63 (full 0):
 garbage-first heap   total 265216K, used 248591K [0x0000000080000000, 0x0000000100000000)
  region size 1024K, 129 young (132096K), 10 survivors (10240K)
 Metaspace       used 118473K, committed 120896K, reserved 1179648K
  class space    used 16890K, committed 18048K, reserved 1048576K
}
Event: 48.215 GC heap after
{Heap after GC invocations=64 (full 0):
 garbage-first heap   total 265216K, used 128897K [0x0000000080000000, 0x0000000100000000)
  region size 1024K, 11 young (11264K), 11 survivors (11264K)
 Metaspace       used 118473K, committed 120896K, reserved 1179648K
  class space    used 16890K, committed 18048K, reserved 1048576K
}
Event: 48.382 GC heap before
{Heap before GC invocations=64 (full 0):
 garbage-first heap   total 265216K, used 248705K [0x0000000080000000, 0x0000000100000000)
  region size 1024K, 129 young (132096K), 11 survivors (11264K)
 Metaspace       used 118473K, committed 120896K, reserved 1179648K
  class space    used 16890K, committed 18048K, reserved 1048576K
}
Event: 48.389 GC heap after
{Heap after GC invocations=65 (full 0):
 garbage-first heap   total 265216K, used 128934K [0x0000000080000000, 0x0000000100000000)
  region size 1024K, 10 young (10240K), 10 survivors (10240K)
 Metaspace       used 118473K, committed 120896K, reserved 1179648K
  class space    used 16890K, committed 18048K, reserved 1048576K
}
Event: 48.532 GC heap before
{Heap before GC invocations=65 (full 0):
 garbage-first heap   total 265216K, used 248742K [0x0000000080000000, 0x0000000100000000)
  region size 1024K, 128 young (131072K), 10 survivors (10240K)
 Metaspace       used 118473K, committed 120896K, reserved 1179648K
  class space    used 16890K, committed 18048K, reserved 1048576K
}

